<?xml version="1.0" encoding="UTF-8"?>
<!-- Generated by org.testng.reporters.JUnitReportReporter -->
<testsuite skipped="0" hostname="LAPTOP-54HITSDS" name="com.qa.test.LoginTest" tests="1" failures="0" timestamp="09 Aug 2019 08:09:39 GMT" time="0.008" errors="0">
  <testcase name="test1" time="0.008" classname="com.qa.test.LoginTest"/>
</testsuite> <!-- com.qa.test.LoginTest -->
